Using pre-set license
Built from '2020.3/staging' branch; Version is '2020.3.19f1 (68f137dc9bbe) revision 6877495'; Using compiler version '192528614'; Build Type 'Release'
OS: 'Windows 10 Pro; OS build 19042.1348; Version 2009; 64bit' Language: 'pl' Physical Memory: 16335 MB
BatchMode: 1, IsHumanControllingUs: 0, StartBugReporterOnCrash: 0, Is64bit: 1, IsPro: 0

COMMAND LINE ARGUMENTS:
C:\Program Files\Unity\Hub\Editor\2020.3.19f1\Editor\Unity.exe
-adb2
-batchMode
-noUpm
-name
AssetImportWorker0
-projectPath
C:/Users/janpa/LabiryntProject
-logFile
Logs/AssetImportWorker0.log
-srvPort
57786
Successfully changed project path to: C:/Users/janpa/LabiryntProject
C:/Users/janpa/LabiryntProject
Using Asset Import Pipeline V2.
Refreshing native plugins compatible for Editor in 33.85 ms, found 2 plugins.
Preloading 0 native plugins for Editor in 0.00 ms.
Initialize engine version: 2020.3.19f1 (68f137dc9bbe)
[Subsystems] Discovering subsystems at path C:/Program Files/Unity/Hub/Editor/2020.3.19f1/Editor/Data/Resources/UnitySubsystems
[Subsystems] Discovering subsystems at path C:/Users/janpa/LabiryntProject/Assets
GfxDevice: creating device client; threaded=0
Direct3D:
    Version:  Direct3D 11.0 [level 11.1]
    Renderer: Radeon RX 570 Series (ID=0x67df)
    Vendor:   
    VRAM:     8171 MB
    Driver:   27.20.1034.6
Initialize mono
Mono path[0] = 'C:/Program Files/Unity/Hub/Editor/2020.3.19f1/Editor/Data/Managed'
Mono path[1] = 'C:/Program Files/Unity/Hub/Editor/2020.3.19f1/Editor/Data/MonoBleedingEdge/lib/mono/unityjit'
Mono config path = 'C:/Program Files/Unity/Hub/Editor/2020.3.19f1/Editor/Data/MonoBleedingEdge/etc'
Using monoOptions --debugger-agent=transport=dt_socket,embedding=1,server=y,suspend=n,address=127.0.0.1:56532
Begin MonoManager ReloadAssembly
Registering precompiled unity dll's ...
Register platform support module: C:/Program Files/Unity/Hub/Editor/2020.3.19f1/Editor/Data/PlaybackEngines/WindowsStandaloneSupport/UnityEditor.WindowsStandalone.Extensions.dll
Registered in 0.003269 seconds.
Native extension for WindowsStandalone target not found
Refreshing native plugins compatible for Editor in 31.17 ms, found 2 plugins.
Preloading 0 native plugins for Editor in 0.00 ms.
Mono: successfully reloaded assembly
- Completed reload, in  1.327 seconds
Domain Reload Profiling:
	ReloadAssembly (1328ms)
		BeginReloadAssembly (74ms)
			ExecutionOrderSort (0ms)
			DisableScriptedObjects (0ms)
			BackupInstance (0ms)
			ReleaseScriptingObjects (0ms)
			CreateAndSetChildDomain (1ms)
		EndReloadAssembly (469ms)
			LoadAssemblies (70ms)
			RebuildTransferFunctionScriptingTraits (0ms)
			SetupTypeCache (174ms)
			ReleaseScriptCaches (0ms)
			RebuildScriptCaches (32ms)
			SetupLoadedEditorAssemblies (178ms)
				LogAssemblyErrors (0ms)
				InitializePlatformSupportModulesInManaged (5ms)
				SetLoadedEditorAssemblies (0ms)
				RefreshPlugins (31ms)
				BeforeProcessingInitializeOnLoad (19ms)
				ProcessInitializeOnLoadAttributes (90ms)
				ProcessInitializeOnLoadMethodAttributes (32ms)
				AfterProcessingInitializeOnLoad (0ms)
				EditorAssembliesLoaded (0ms)
			ExecutionOrderSort2 (0ms)
			AwakeInstancesAfterBackupRestoration (0ms)
Platform modules already initialized, skipping
Registering precompiled user dll's ...
Registered in 0.004716 seconds.
Begin MonoManager ReloadAssembly
Native extension for WindowsStandalone target not found
Refreshing native plugins compatible for Editor in 0.34 ms, found 2 plugins.
Preloading 0 native plugins for Editor in 0.00 ms.
Mono: successfully reloaded assembly
- Completed reload, in  1.150 seconds
Domain Reload Profiling:
	ReloadAssembly (1151ms)
		BeginReloadAssembly (173ms)
			ExecutionOrderSort (0ms)
			DisableScriptedObjects (5ms)
			BackupInstance (0ms)
			ReleaseScriptingObjects (0ms)
			CreateAndSetChildDomain (19ms)
		EndReloadAssembly (900ms)
			LoadAssemblies (106ms)
			RebuildTransferFunctionScriptingTraits (0ms)
			SetupTypeCache (296ms)
			ReleaseScriptCaches (0ms)
			RebuildScriptCaches (44ms)
			SetupLoadedEditorAssemblies (354ms)
				LogAssemblyErrors (0ms)
				InitializePlatformSupportModulesInManaged (6ms)
				SetLoadedEditorAssemblies (1ms)
				RefreshPlugins (0ms)
				BeforeProcessingInitializeOnLoad (91ms)
				ProcessInitializeOnLoadAttributes (239ms)
				ProcessInitializeOnLoadMethodAttributes (5ms)
				AfterProcessingInitializeOnLoad (12ms)
				EditorAssembliesLoaded (0ms)
			ExecutionOrderSort2 (0ms)
			AwakeInstancesAfterBackupRestoration (8ms)
Platform modules already initialized, skipping
========================================================================
Worker process is ready to serve import requests
Launched and connected shader compiler UnityShaderCompiler.exe after 0.05 seconds
Refreshing native plugins compatible for Editor in 0.33 ms, found 2 plugins.
Preloading 0 native plugins for Editor in 0.00 ms.
Unloading 1410 Unused Serialized files (Serialized files now loaded: 0)
System memory in use before: 65.3 MB.
System memory in use after: 65.4 MB.

Unloading 16 unused Assets to reduce memory usage. Loaded Objects now: 1845.
Total: 3.259300 ms (FindLiveObjects: 0.157000 ms CreateObjectMapping: 0.035200 ms MarkObjects: 2.993700 ms  DeleteObjects: 0.071800 ms)

AssetImportParameters requested are different than current active one (requested -> active):
  custom:framework-win-MediaFoundation: 216162199b28c13a410421893ffa2e32 -> 
  custom:video-decoder-ogg-theora: a1e56fd34408186e4bbccfd4996cb3dc -> 
  custom:container-muxer-webm: aa71ff27fc2769a1b78a27578f13a17b -> 
  custom:container-demuxer-webm: 4f35f7cbe854078d1ac9338744f61a02 -> 
  custom:container-demuxer-ogg: 62fdf1f143b41e24485cea50d1cbac27 -> 
  custom:video-encoder-webm-vp8: eb34c28f22e8b96e1ab97ce403110664 -> 
  custom:video-decoder-webm-vp8: 9c59270c3fd7afecdb556c50c9e8de78 -> 
  custom:audio-decoder-ogg-vorbis: bf7c407c2cedff20999df2af8eb42d56 -> 
  custom:audio-encoder-webm-vorbis: bf7c407c2cedff20999df2af8eb42d56 -> 
========================================================================
Received Import Request.
  path: Assets/Models
  artifactKey: Guid(3d7c9403b74bf6b468c3788faae917d8) Importer(815301076,1909f56bfc062723c751e8b465ee728b)
Start importing Assets/Models using Guid(3d7c9403b74bf6b468c3788faae917d8) Importer(815301076,1909f56bfc062723c751e8b465ee728b)  -> (artifact id: '05725394099adc2e9dee1d426e863011') in 0.005609 seconds 
  Import took 0.007848 seconds .

========================================================================
Received Import Request.
  Time since last request: 29.548817 seconds.
  path: Assets/Models/diamondGOOD.fbx
  artifactKey: Guid(085026a875c052e45bf9b29a1cacdaa9) Importer(815301076,1909f56bfc062723c751e8b465ee728b)
Start importing Assets/Models/diamondGOOD.fbx using Guid(085026a875c052e45bf9b29a1cacdaa9) Importer(815301076,1909f56bfc062723c751e8b465ee728b)  -> (artifact id: 'c86056c08f5bf6dded1d55dcc59a968e') in 0.176868 seconds 
  Import took 0.179459 seconds .

========================================================================
Received Import Request.
  Time since last request: 1169.589247 seconds.
  path: Assets/Models/key.fbx
  artifactKey: Guid(4feea9bfd63fa3f4ea816d41763615cd) Importer(815301076,1909f56bfc062723c751e8b465ee728b)
Start importing Assets/Models/key.fbx using Guid(4feea9bfd63fa3f4ea816d41763615cd) Importer(815301076,1909f56bfc062723c751e8b465ee728b)  -> (artifact id: 'aaf4637363abfe66680ed9d6470322c9') in 0.031026 seconds 
  Import took 0.033830 seconds .

========================================================================
Received Import Request.
  Time since last request: 222.071130 seconds.
  path: Assets/Prefabs/Key.prefab
  artifactKey: Guid(d3ebe44d59e5119439dd38abf2079540) Importer(815301076,1909f56bfc062723c751e8b465ee728b)
Start importing Assets/Prefabs/Key.prefab using Guid(d3ebe44d59e5119439dd38abf2079540) Importer(815301076,1909f56bfc062723c751e8b465ee728b)  -> (artifact id: 'b19bbfb2a8be14537d60fc4ff3358322') in 0.010620 seconds 
  Import took 0.013150 seconds .

========================================================================
Received Import Request.
  Time since last request: 99.660797 seconds.
  path: Assets/Prefabs/Key.prefab
  artifactKey: Guid(d3ebe44d59e5119439dd38abf2079540) Importer(815301076,1909f56bfc062723c751e8b465ee728b)
Start importing Assets/Prefabs/Key.prefab using Guid(d3ebe44d59e5119439dd38abf2079540) Importer(815301076,1909f56bfc062723c751e8b465ee728b)  -> (artifact id: '967af184c75d57792d6864ada03b330c') in 0.010700 seconds 
  Import took 0.013338 seconds .

========================================================================
Received Import Request.
  Time since last request: 8.794220 seconds.
  path: Assets/Prefabs/Key.prefab
  artifactKey: Guid(d3ebe44d59e5119439dd38abf2079540) Importer(815301076,1909f56bfc062723c751e8b465ee728b)
Start importing Assets/Prefabs/Key.prefab using Guid(d3ebe44d59e5119439dd38abf2079540) Importer(815301076,1909f56bfc062723c751e8b465ee728b)  -> (artifact id: '838c891528aadcbda7dc6320d6552713') in 0.010257 seconds 
  Import took 0.013002 seconds .

========================================================================
Received Import Request.
  Time since last request: 32.313000 seconds.
  path: Assets/Prefabs/Diamond.prefab
  artifactKey: Guid(764390ee04f045e43976d4e63eaf653a) Importer(815301076,1909f56bfc062723c751e8b465ee728b)
Start importing Assets/Prefabs/Diamond.prefab using Guid(764390ee04f045e43976d4e63eaf653a) Importer(815301076,1909f56bfc062723c751e8b465ee728b)  -> (artifact id: '1ec736d359db11cbac9174c30bcc80d2') in 0.005220 seconds 
  Import took 0.008067 seconds .

========================================================================
Received Import Request.
  Time since last request: 208.158526 seconds.
  path: Assets/Models/Clock.fbx
  artifactKey: Guid(f00f3cde58097954eb0dc0c9502d8bd3) Importer(815301076,1909f56bfc062723c751e8b465ee728b)
Start importing Assets/Models/Clock.fbx using Guid(f00f3cde58097954eb0dc0c9502d8bd3) Importer(815301076,1909f56bfc062723c751e8b465ee728b)  -> (artifact id: '38fb4a59881777ebca9333af74f04dc9') in 0.041858 seconds 
  Import took 0.044369 seconds .

========================================================================
Received Import Request.
  Time since last request: 0.000330 seconds.
  path: Assets/Models/Key 1.fbx
  artifactKey: Guid(f5640cd863d374543a2232f94ba2e9a2) Importer(815301076,1909f56bfc062723c751e8b465ee728b)
Start importing Assets/Models/Key 1.fbx using Guid(f5640cd863d374543a2232f94ba2e9a2) Importer(815301076,1909f56bfc062723c751e8b465ee728b)  -> (artifact id: '06c210b8593f9f5d2307801a9aa32fa9') in 0.012914 seconds 
  Import took 0.015161 seconds .

========================================================================
Received Import Request.
  Time since last request: 0.000249 seconds.
  path: Assets/Models/Crystal.fbx
  artifactKey: Guid(0645aafe30737dc4998a3a3cbbc3950c) Importer(815301076,1909f56bfc062723c751e8b465ee728b)
Start importing Assets/Models/Crystal.fbx using Guid(0645aafe30737dc4998a3a3cbbc3950c) Importer(815301076,1909f56bfc062723c751e8b465ee728b)  -> (artifact id: '45ff57c3fd3c37f29465fbe882802cd9') in 0.013367 seconds 
  Import took 0.015693 seconds .

========================================================================
Received Import Request.
  Time since last request: 0.000271 seconds.
  path: Assets/Models/Spike.fbx
  artifactKey: Guid(47abbb380a64b60499270ca5f6c606e4) Importer(815301076,1909f56bfc062723c751e8b465ee728b)
Start importing Assets/Models/Spike.fbx using Guid(47abbb380a64b60499270ca5f6c606e4) Importer(815301076,1909f56bfc062723c751e8b465ee728b)  -> (artifact id: 'ebf3e330a82b749a7d516e39061c111f') in 0.021601 seconds 
  Import took 0.024023 seconds .

========================================================================
Received Import Request.
  Time since last request: 0.000254 seconds.
  path: Assets/Models/Snowflake.fbx
  artifactKey: Guid(4bf0dea89c4643f49b8d300d505ac0bb) Importer(815301076,1909f56bfc062723c751e8b465ee728b)
Start importing Assets/Models/Snowflake.fbx using Guid(4bf0dea89c4643f49b8d300d505ac0bb) Importer(815301076,1909f56bfc062723c751e8b465ee728b)  -> (artifact id: '5c0194623c9427cec3879968d71ad544') in 0.013795 seconds 
  Import took 0.015975 seconds .

========================================================================
Received Import Request.
  Time since last request: 37.237417 seconds.
  path: Assets/Prefabs/Diamond.prefab
  artifactKey: Guid(764390ee04f045e43976d4e63eaf653a) Importer(815301076,1909f56bfc062723c751e8b465ee728b)
Start importing Assets/Prefabs/Diamond.prefab using Guid(764390ee04f045e43976d4e63eaf653a) Importer(815301076,1909f56bfc062723c751e8b465ee728b)  -> (artifact id: '786318a91f8524e5a8b2e711f7ee0261') in 0.004970 seconds 
  Import took 0.007580 seconds .

========================================================================
Received Import Request.
  Time since last request: 0.000236 seconds.
  path: Assets/Prefabs/Key.prefab
  artifactKey: Guid(d3ebe44d59e5119439dd38abf2079540) Importer(815301076,1909f56bfc062723c751e8b465ee728b)
Start importing Assets/Prefabs/Key.prefab using Guid(d3ebe44d59e5119439dd38abf2079540) Importer(815301076,1909f56bfc062723c751e8b465ee728b)  -> (artifact id: 'ec154fa04921fbc3b34b600a30921d5d') in 0.004927 seconds 
  Import took 0.007154 seconds .

========================================================================
Received Import Request.
  Time since last request: 25.110693 seconds.
  path: Assets/Prefabs/Diamond.prefab
  artifactKey: Guid(764390ee04f045e43976d4e63eaf653a) Importer(815301076,1909f56bfc062723c751e8b465ee728b)
Start importing Assets/Prefabs/Diamond.prefab using Guid(764390ee04f045e43976d4e63eaf653a) Importer(815301076,1909f56bfc062723c751e8b465ee728b)  -> (artifact id: 'ddbd3797b29f5625cbf1050304549fd7') in 0.009798 seconds 
  Import took 0.012394 seconds .

========================================================================
Received Import Request.
  Time since last request: 4.437888 seconds.
  path: Assets/Prefabs/Key.prefab
  artifactKey: Guid(d3ebe44d59e5119439dd38abf2079540) Importer(815301076,1909f56bfc062723c751e8b465ee728b)
Start importing Assets/Prefabs/Key.prefab using Guid(d3ebe44d59e5119439dd38abf2079540) Importer(815301076,1909f56bfc062723c751e8b465ee728b)  -> (artifact id: '9718e660bbc5978207e684b1b5a6ab04') in 0.004747 seconds 
  Import took 0.007289 seconds .

========================================================================
Received Import Request.
  Time since last request: 41.306860 seconds.
  path: Assets/Prefabs/Key.prefab
  artifactKey: Guid(d3ebe44d59e5119439dd38abf2079540) Importer(815301076,1909f56bfc062723c751e8b465ee728b)
Start importing Assets/Prefabs/Key.prefab using Guid(d3ebe44d59e5119439dd38abf2079540) Importer(815301076,1909f56bfc062723c751e8b465ee728b)  -> (artifact id: '144e10394381617b734482f7528d7ee6') in 0.009508 seconds 
  Import took 0.012136 seconds .

========================================================================
Received Import Request.
  Time since last request: 8.081959 seconds.
  path: Assets/Prefabs/Diamond.prefab
  artifactKey: Guid(764390ee04f045e43976d4e63eaf653a) Importer(815301076,1909f56bfc062723c751e8b465ee728b)
Start importing Assets/Prefabs/Diamond.prefab using Guid(764390ee04f045e43976d4e63eaf653a) Importer(815301076,1909f56bfc062723c751e8b465ee728b)  -> (artifact id: '0b50aedf81d92b784a5d7bd6e682189a') in 0.008851 seconds 
  Import took 0.011491 seconds .

========================================================================
Received Import Request.
  Time since last request: 11.462715 seconds.
  path: Assets/Prefabs/Diamond.prefab
  artifactKey: Guid(764390ee04f045e43976d4e63eaf653a) Importer(815301076,1909f56bfc062723c751e8b465ee728b)
Start importing Assets/Prefabs/Diamond.prefab using Guid(764390ee04f045e43976d4e63eaf653a) Importer(815301076,1909f56bfc062723c751e8b465ee728b)  -> (artifact id: '0208fae4cc7f8c830bfd681656f7512e') in 0.009042 seconds 
  Import took 0.011631 seconds .

========================================================================
Received Import Request.
  Time since last request: 6.053800 seconds.
  path: Assets/Prefabs/Diamond.prefab
  artifactKey: Guid(764390ee04f045e43976d4e63eaf653a) Importer(815301076,1909f56bfc062723c751e8b465ee728b)
Start importing Assets/Prefabs/Diamond.prefab using Guid(764390ee04f045e43976d4e63eaf653a) Importer(815301076,1909f56bfc062723c751e8b465ee728b)  -> (artifact id: '73566c23c28c37a343d1238958333c5e') in 0.009501 seconds 
  Import took 0.012070 seconds .

========================================================================
Received Import Request.
  Time since last request: 11.078779 seconds.
  path: Assets/Prefabs/Key.prefab
  artifactKey: Guid(d3ebe44d59e5119439dd38abf2079540) Importer(815301076,1909f56bfc062723c751e8b465ee728b)
Start importing Assets/Prefabs/Key.prefab using Guid(d3ebe44d59e5119439dd38abf2079540) Importer(815301076,1909f56bfc062723c751e8b465ee728b)  -> (artifact id: '60ea32594cafaf685481533f7525b764') in 0.010976 seconds 
  Import took 0.014073 seconds .

========================================================================
Received Import Request.
  Time since last request: 44.781885 seconds.
  path: Assets/Prefabs/Spike.prefab
  artifactKey: Guid(7f9100e89e3a2bf46ac28b4f186dbbc0) Importer(815301076,1909f56bfc062723c751e8b465ee728b)
Start importing Assets/Prefabs/Spike.prefab using Guid(7f9100e89e3a2bf46ac28b4f186dbbc0) Importer(815301076,1909f56bfc062723c751e8b465ee728b)  -> (artifact id: 'f468940afaf96e9a12615dfee9851585') in 0.004636 seconds 
  Import took 0.007260 seconds .

========================================================================
Received Import Request.
  Time since last request: 1.636258 seconds.
  path: Assets/Prefabs/Snowflake.prefab
  artifactKey: Guid(5c3e943eace44b2438bc9c864cd3a972) Importer(815301076,1909f56bfc062723c751e8b465ee728b)
Start importing Assets/Prefabs/Snowflake.prefab using Guid(5c3e943eace44b2438bc9c864cd3a972) Importer(815301076,1909f56bfc062723c751e8b465ee728b)  -> (artifact id: 'cff3876f3bd49b2ae42fa5ceda509fe2') in 0.004615 seconds 
  Import took 0.007097 seconds .

========================================================================
Received Import Request.
  Time since last request: 30.666537 seconds.
  path: Assets/Prefabs/Snowflake.prefab
  artifactKey: Guid(5c3e943eace44b2438bc9c864cd3a972) Importer(815301076,1909f56bfc062723c751e8b465ee728b)
Start importing Assets/Prefabs/Snowflake.prefab using Guid(5c3e943eace44b2438bc9c864cd3a972) Importer(815301076,1909f56bfc062723c751e8b465ee728b)  -> (artifact id: 'd45c392f90ace3bdada7b06c91a224ad') in 0.009633 seconds 
  Import took 0.012176 seconds .

========================================================================
Received Import Request.
  Time since last request: 82.894447 seconds.
  path: Assets/Prefabs/Spike.prefab
  artifactKey: Guid(7f9100e89e3a2bf46ac28b4f186dbbc0) Importer(815301076,1909f56bfc062723c751e8b465ee728b)
Start importing Assets/Prefabs/Spike.prefab using Guid(7f9100e89e3a2bf46ac28b4f186dbbc0) Importer(815301076,1909f56bfc062723c751e8b465ee728b)  -> (artifact id: 'd03698cb072bb0a9ad413886a83b0d60') in 0.009997 seconds 
  Import took 0.012683 seconds .

========================================================================
Received Import Request.
  Time since last request: 39.957188 seconds.
  path: Assets/Prefabs/Key.prefab
  artifactKey: Guid(d3ebe44d59e5119439dd38abf2079540) Importer(815301076,1909f56bfc062723c751e8b465ee728b)
Start importing Assets/Prefabs/Key.prefab using Guid(d3ebe44d59e5119439dd38abf2079540) Importer(815301076,1909f56bfc062723c751e8b465ee728b)  -> (artifact id: '6bd0cf86fad0da659095c3d8d0a10597') in 0.010298 seconds 
  Import took 0.012899 seconds .

========================================================================
Received Import Request.
  Time since last request: 9.624534 seconds.
  path: Assets/Prefabs/Key.prefab
  artifactKey: Guid(d3ebe44d59e5119439dd38abf2079540) Importer(815301076,1909f56bfc062723c751e8b465ee728b)
Start importing Assets/Prefabs/Key.prefab using Guid(d3ebe44d59e5119439dd38abf2079540) Importer(815301076,1909f56bfc062723c751e8b465ee728b)  -> (artifact id: '15949989692df4154cf341d3ce02bc3f') in 0.009563 seconds 
  Import took 0.012260 seconds .

========================================================================
Received Import Request.
  Time since last request: 94.819653 seconds.
  path: Assets/Prefabs/Key.prefab
  artifactKey: Guid(d3ebe44d59e5119439dd38abf2079540) Importer(815301076,1909f56bfc062723c751e8b465ee728b)
Start importing Assets/Prefabs/Key.prefab using Guid(d3ebe44d59e5119439dd38abf2079540) Importer(815301076,1909f56bfc062723c751e8b465ee728b)  -> (artifact id: '08de70bddf9a5e7b8eb042f623539f52') in 0.009692 seconds 
  Import took 0.012268 seconds .

========================================================================
Received Import Request.
  Time since last request: 86.597529 seconds.
  path: Assets/Prefabs/Key.prefab
  artifactKey: Guid(d3ebe44d59e5119439dd38abf2079540) Importer(815301076,1909f56bfc062723c751e8b465ee728b)
Start importing Assets/Prefabs/Key.prefab using Guid(d3ebe44d59e5119439dd38abf2079540) Importer(815301076,1909f56bfc062723c751e8b465ee728b)  -> (artifact id: '0f251e8095931b3b8c6ccf38438ae8dc') in 0.010494 seconds 
  Import took 0.013224 seconds .

========================================================================
Received Import Request.
  Time since last request: 76.453597 seconds.
  path: Assets/Prefabs/Clock.prefab
  artifactKey: Guid(528266381e8f60b46af84b65ab51e7f0) Importer(815301076,1909f56bfc062723c751e8b465ee728b)
Start importing Assets/Prefabs/Clock.prefab using Guid(528266381e8f60b46af84b65ab51e7f0) Importer(815301076,1909f56bfc062723c751e8b465ee728b)  -> (artifact id: 'f25e5974cced4817ec4b335c9e016d7f') in 0.004958 seconds 
  Import took 0.007648 seconds .

========================================================================
Received Import Request.
  Time since last request: 145.046980 seconds.
  path: Assets/Prefabs/Clock.prefab
  artifactKey: Guid(528266381e8f60b46af84b65ab51e7f0) Importer(815301076,1909f56bfc062723c751e8b465ee728b)
Start importing Assets/Prefabs/Clock.prefab using Guid(528266381e8f60b46af84b65ab51e7f0) Importer(815301076,1909f56bfc062723c751e8b465ee728b)  -> (artifact id: 'e1d8aa1cb3792395c9e9792f623d2542') in 0.011043 seconds 
  Import took 0.013759 seconds .

========================================================================
Received Import Request.
  Time since last request: 24.969074 seconds.
  path: Assets/Materials/New Material.mat
  artifactKey: Guid(879113eb92892534fa7c58c095e9348f) Importer(815301076,1909f56bfc062723c751e8b465ee728b)
Start importing Assets/Materials/New Material.mat using Guid(879113eb92892534fa7c58c095e9348f) Importer(815301076,1909f56bfc062723c751e8b465ee728b)  -> (artifact id: '32193c9ad9f1f51303faee2614576280') in 0.035349 seconds 
  Import took 0.038352 seconds .

========================================================================
Received Import Request.
  Time since last request: 21.106877 seconds.
  path: Assets/Materials/Black.mat
  artifactKey: Guid(879113eb92892534fa7c58c095e9348f) Importer(815301076,1909f56bfc062723c751e8b465ee728b)
Start importing Assets/Materials/Black.mat using Guid(879113eb92892534fa7c58c095e9348f) Importer(815301076,1909f56bfc062723c751e8b465ee728b)  -> (artifact id: 'b47d3eff89e0f4e927c329448043dadc') in 0.009895 seconds 
  Import took 0.012666 seconds .

========================================================================
Received Import Request.
  Time since last request: 18.188102 seconds.
  path: Assets/Scripts/Clock.cs
  artifactKey: Guid(22627aa9190e6114b8c63df5439b24d6) Importer(815301076,1909f56bfc062723c751e8b465ee728b)
Start importing Assets/Scripts/Clock.cs using Guid(22627aa9190e6114b8c63df5439b24d6) Importer(815301076,1909f56bfc062723c751e8b465ee728b)  -> (artifact id: '409d6485b408ab7f2b0b6d93edc86cf8') in 0.011710 seconds 
  Import took 0.014290 seconds .

========================================================================
Received Import Request.
  Time since last request: 22.444717 seconds.
  path: Assets/Scripts/Clock.cs
  artifactKey: Guid(22627aa9190e6114b8c63df5439b24d6) Importer(815301076,1909f56bfc062723c751e8b465ee728b)
Start importing Assets/Scripts/Clock.cs using Guid(22627aa9190e6114b8c63df5439b24d6) Importer(815301076,1909f56bfc062723c751e8b465ee728b)  -> (artifact id: '2534463c4f20530fb05490b2bc8cbc17') in 0.002923 seconds 
  Import took 0.005551 seconds .

========================================================================
Received Import Request.
  Time since last request: 4.472922 seconds.
  path: Assets/Scripts/Clock.cs
  artifactKey: Guid(22627aa9190e6114b8c63df5439b24d6) Importer(815301076,1909f56bfc062723c751e8b465ee728b)
Start importing Assets/Scripts/Clock.cs using Guid(22627aa9190e6114b8c63df5439b24d6) Importer(815301076,1909f56bfc062723c751e8b465ee728b)  -> (artifact id: 'e543a49624a8e66d44a7a7575a5acdf6') in 0.002782 seconds 
  Import took 0.005330 seconds .

========================================================================
Received Import Request.
  Time since last request: 2.270532 seconds.
  path: Assets/Scripts/Clock.cs
  artifactKey: Guid(22627aa9190e6114b8c63df5439b24d6) Importer(815301076,1909f56bfc062723c751e8b465ee728b)
Start importing Assets/Scripts/Clock.cs using Guid(22627aa9190e6114b8c63df5439b24d6) Importer(815301076,1909f56bfc062723c751e8b465ee728b)  -> (artifact id: '603dc5e97e767f782b94f113653e7fe9') in 0.002862 seconds 
  Import took 0.005406 seconds .

========================================================================
Received Import Request.
  Time since last request: 16.142317 seconds.
  path: Assets/Scripts/Clock.cs
  artifactKey: Guid(22627aa9190e6114b8c63df5439b24d6) Importer(815301076,1909f56bfc062723c751e8b465ee728b)
Start importing Assets/Scripts/Clock.cs using Guid(22627aa9190e6114b8c63df5439b24d6) Importer(815301076,1909f56bfc062723c751e8b465ee728b)  -> (artifact id: '62c62d588bc4b32314c7ca156c90216c') in 0.002921 seconds 
  Import took 0.005640 seconds .

========================================================================
Received Import Request.
  Time since last request: 12.756746 seconds.
  path: Assets/Scripts/Clock.cs
  artifactKey: Guid(22627aa9190e6114b8c63df5439b24d6) Importer(815301076,1909f56bfc062723c751e8b465ee728b)
Start importing Assets/Scripts/Clock.cs using Guid(22627aa9190e6114b8c63df5439b24d6) Importer(815301076,1909f56bfc062723c751e8b465ee728b)  -> (artifact id: 'c8e619fb2077c7ea635a5ad30e058efd') in 0.002869 seconds 
  Import took 0.005389 seconds .

========================================================================
Received Import Request.
  Time since last request: 16.903097 seconds.
  path: Assets/Scripts/Clock.cs
  artifactKey: Guid(22627aa9190e6114b8c63df5439b24d6) Importer(815301076,1909f56bfc062723c751e8b465ee728b)
Start importing Assets/Scripts/Clock.cs using Guid(22627aa9190e6114b8c63df5439b24d6) Importer(815301076,1909f56bfc062723c751e8b465ee728b)  -> (artifact id: '01cf4c1c0f35dcd239fb29fb70af564a') in 0.002974 seconds 
  Import took 0.005725 seconds .

========================================================================
Received Import Request.
  Time since last request: 24.869112 seconds.
  path: Assets/Scripts/Clock.cs
  artifactKey: Guid(22627aa9190e6114b8c63df5439b24d6) Importer(815301076,1909f56bfc062723c751e8b465ee728b)
Start importing Assets/Scripts/Clock.cs using Guid(22627aa9190e6114b8c63df5439b24d6) Importer(815301076,1909f56bfc062723c751e8b465ee728b)  -> (artifact id: 'd22aa11518367fcf03d0f1379b5841bc') in 0.002750 seconds 
  Import took 0.005207 seconds .

========================================================================
Received Prepare
Registering precompiled user dll's ...
Registered in 0.004916 seconds.
Begin MonoManager ReloadAssembly
Native extension for WindowsStandalone target not found
Refreshing native plugins compatible for Editor in 0.35 ms, found 2 plugins.
Preloading 0 native plugins for Editor in 0.00 ms.
Mono: successfully reloaded assembly
- Completed reload, in  1.096 seconds
Domain Reload Profiling:
	ReloadAssembly (1096ms)
		BeginReloadAssembly (138ms)
			ExecutionOrderSort (0ms)
			DisableScriptedObjects (5ms)
			BackupInstance (0ms)
			ReleaseScriptingObjects (0ms)
			CreateAndSetChildDomain (34ms)
		EndReloadAssembly (878ms)
			LoadAssemblies (107ms)
			RebuildTransferFunctionScriptingTraits (0ms)
			SetupTypeCache (309ms)
			ReleaseScriptCaches (1ms)
			RebuildScriptCaches (39ms)
			SetupLoadedEditorAssemblies (322ms)
				LogAssemblyErrors (0ms)
				InitializePlatformSupportModulesInManaged (6ms)
				SetLoadedEditorAssemblies (1ms)
				RefreshPlugins (0ms)
				BeforeProcessingInitializeOnLoad (84ms)
				ProcessInitializeOnLoadAttributes (215ms)
				ProcessInitializeOnLoadMethodAttributes (5ms)
				AfterProcessingInitializeOnLoad (11ms)
				EditorAssembliesLoaded (0ms)
			ExecutionOrderSort2 (0ms)
			AwakeInstancesAfterBackupRestoration (8ms)
Platform modules already initialized, skipping
Refreshing native plugins compatible for Editor in 0.35 ms, found 2 plugins.
Preloading 0 native plugins for Editor in 0.00 ms.
Unloading 1403 Unused Serialized files (Serialized files now loaded: 0)
System memory in use before: 68.6 MB.
System memory in use after: 68.7 MB.

Unloading 12 unused Assets to reduce memory usage. Loaded Objects now: 1890.
Total: 2.984200 ms (FindLiveObjects: 0.164500 ms CreateObjectMapping: 0.038200 ms MarkObjects: 2.758300 ms  DeleteObjects: 0.021700 ms)

AssetImportParameters requested are different than current active one (requested -> active):
  custom:framework-win-MediaFoundation: 216162199b28c13a410421893ffa2e32 -> 
  custom:video-decoder-ogg-theora: a1e56fd34408186e4bbccfd4996cb3dc -> 
  custom:container-muxer-webm: aa71ff27fc2769a1b78a27578f13a17b -> 
  custom:container-demuxer-webm: 4f35f7cbe854078d1ac9338744f61a02 -> 
  custom:container-demuxer-ogg: 62fdf1f143b41e24485cea50d1cbac27 -> 
  custom:video-encoder-webm-vp8: eb34c28f22e8b96e1ab97ce403110664 -> 
  custom:video-decoder-webm-vp8: 9c59270c3fd7afecdb556c50c9e8de78 -> 
  custom:audio-decoder-ogg-vorbis: bf7c407c2cedff20999df2af8eb42d56 -> 
  custom:audio-encoder-webm-vorbis: bf7c407c2cedff20999df2af8eb42d56 -> 
========================================================================
Received Import Request.
  Time since last request: 27.497194 seconds.
  path: Assets/Prefabs/Clock.prefab
  artifactKey: Guid(528266381e8f60b46af84b65ab51e7f0) Importer(815301076,1909f56bfc062723c751e8b465ee728b)
Start importing Assets/Prefabs/Clock.prefab using Guid(528266381e8f60b46af84b65ab51e7f0) Importer(815301076,1909f56bfc062723c751e8b465ee728b)  -> (artifact id: 'b1fbda87ccc71735b7e74c32a83cfa88') in 0.059502 seconds 
  Import took 0.062171 seconds .

========================================================================
Received Import Request.
  Time since last request: 11.568535 seconds.
  path: Assets/Materials/Gold.mat
  artifactKey: Guid(88c7dc685915e6d488edd0b4e5e50157) Importer(815301076,1909f56bfc062723c751e8b465ee728b)
Start importing Assets/Materials/Gold.mat using Guid(88c7dc685915e6d488edd0b4e5e50157) Importer(815301076,1909f56bfc062723c751e8b465ee728b)  -> (artifact id: '153fb0a8595493708314764b5ecc8b20') in 0.023017 seconds 
  Import took 0.025556 seconds .

========================================================================
Received Import Request.
  Time since last request: 50.925706 seconds.
  path: Assets/Materials/Silver.mat
  artifactKey: Guid(55ba6e026b249a14a8acd16d406fe6af) Importer(815301076,1909f56bfc062723c751e8b465ee728b)
Start importing Assets/Materials/Silver.mat using Guid(55ba6e026b249a14a8acd16d406fe6af) Importer(815301076,1909f56bfc062723c751e8b465ee728b)  -> (artifact id: 'ace12b4fbdc9c53a65f1052536c50791') in 0.011378 seconds 
  Import took 0.015689 seconds .

========================================================================
Received Import Request.
  Time since last request: 91.819449 seconds.
  path: Assets/Materials/Gold.mat
  artifactKey: Guid(88c7dc685915e6d488edd0b4e5e50157) Importer(815301076,1909f56bfc062723c751e8b465ee728b)
Start importing Assets/Materials/Gold.mat using Guid(88c7dc685915e6d488edd0b4e5e50157) Importer(815301076,1909f56bfc062723c751e8b465ee728b)  -> (artifact id: '337d898b3b16736eff7f6b6804308b16') in 0.011297 seconds 
  Import took 0.015685 seconds .

========================================================================
Received Import Request.
  Time since last request: 0.000376 seconds.
  path: Assets/Materials/Silver.mat
  artifactKey: Guid(55ba6e026b249a14a8acd16d406fe6af) Importer(815301076,1909f56bfc062723c751e8b465ee728b)
Start importing Assets/Materials/Silver.mat using Guid(55ba6e026b249a14a8acd16d406fe6af) Importer(815301076,1909f56bfc062723c751e8b465ee728b)  -> (artifact id: 'ecfe84059fc7a6ff1049e5aa5f73bda5') in 0.018063 seconds 
  Import took 0.022243 seconds .

========================================================================
Received Prepare
Registering precompiled user dll's ...
Registered in 0.006827 seconds.
Begin MonoManager ReloadAssembly
Native extension for WindowsStandalone target not found
Refreshing native plugins compatible for Editor in 0.35 ms, found 2 plugins.
Preloading 0 native plugins for Editor in 0.00 ms.
Mono: successfully reloaded assembly
- Completed reload, in  1.193 seconds
Domain Reload Profiling:
	ReloadAssembly (1194ms)
		BeginReloadAssembly (141ms)
			ExecutionOrderSort (0ms)
			DisableScriptedObjects (6ms)
			BackupInstance (0ms)
			ReleaseScriptingObjects (0ms)
			CreateAndSetChildDomain (41ms)
		EndReloadAssembly (952ms)
			LoadAssemblies (123ms)
			RebuildTransferFunctionScriptingTraits (0ms)
			SetupTypeCache (345ms)
			ReleaseScriptCaches (1ms)
			RebuildScriptCaches (47ms)
			SetupLoadedEditorAssemblies (328ms)
				LogAssemblyErrors (0ms)
				InitializePlatformSupportModulesInManaged (6ms)
				SetLoadedEditorAssemblies (0ms)
				RefreshPlugins (1ms)
				BeforeProcessingInitializeOnLoad (84ms)
				ProcessInitializeOnLoadAttributes (220ms)
				ProcessInitializeOnLoadMethodAttributes (5ms)
				AfterProcessingInitializeOnLoad (12ms)
				EditorAssembliesLoaded (0ms)
			ExecutionOrderSort2 (0ms)
			AwakeInstancesAfterBackupRestoration (9ms)
Platform modules already initialized, skipping
Refreshing native plugins compatible for Editor in 0.38 ms, found 2 plugins.
Preloading 0 native plugins for Editor in 0.00 ms.
Unloading 1403 Unused Serialized files (Serialized files now loaded: 0)
System memory in use before: 68.7 MB.
System memory in use after: 68.8 MB.

Unloading 12 unused Assets to reduce memory usage. Loaded Objects now: 1893.
Total: 2.897900 ms (FindLiveObjects: 0.161000 ms CreateObjectMapping: 0.034900 ms MarkObjects: 2.680800 ms  DeleteObjects: 0.019800 ms)

AssetImportParameters requested are different than current active one (requested -> active):
  custom:framework-win-MediaFoundation: 216162199b28c13a410421893ffa2e32 -> 
  custom:video-decoder-ogg-theora: a1e56fd34408186e4bbccfd4996cb3dc -> 
  custom:container-muxer-webm: aa71ff27fc2769a1b78a27578f13a17b -> 
  custom:container-demuxer-webm: 4f35f7cbe854078d1ac9338744f61a02 -> 
  custom:container-demuxer-ogg: 62fdf1f143b41e24485cea50d1cbac27 -> 
  custom:video-encoder-webm-vp8: eb34c28f22e8b96e1ab97ce403110664 -> 
  custom:video-decoder-webm-vp8: 9c59270c3fd7afecdb556c50c9e8de78 -> 
  custom:audio-decoder-ogg-vorbis: bf7c407c2cedff20999df2af8eb42d56 -> 
  custom:audio-encoder-webm-vorbis: bf7c407c2cedff20999df2af8eb42d56 -> 
========================================================================
Received Prepare
Registering precompiled user dll's ...
Registered in 0.005087 seconds.
Begin MonoManager ReloadAssembly
Native extension for WindowsStandalone target not found
Refreshing native plugins compatible for Editor in 0.36 ms, found 2 plugins.
Preloading 0 native plugins for Editor in 0.00 ms.
Mono: successfully reloaded assembly
- Completed reload, in  1.084 seconds
Domain Reload Profiling:
	ReloadAssembly (1085ms)
		BeginReloadAssembly (132ms)
			ExecutionOrderSort (0ms)
			DisableScriptedObjects (5ms)
			BackupInstance (0ms)
			ReleaseScriptingObjects (0ms)
			CreateAndSetChildDomain (33ms)
		EndReloadAssembly (874ms)
			LoadAssemblies (105ms)
			RebuildTransferFunctionScriptingTraits (0ms)
			SetupTypeCache (300ms)
			ReleaseScriptCaches (1ms)
			RebuildScriptCaches (41ms)
			SetupLoadedEditorAssemblies (325ms)
				LogAssemblyErrors (0ms)
				InitializePlatformSupportModulesInManaged (6ms)
				SetLoadedEditorAssemblies (1ms)
				RefreshPlugins (1ms)
				BeforeProcessingInitializeOnLoad (86ms)
				ProcessInitializeOnLoadAttributes (215ms)
				ProcessInitializeOnLoadMethodAttributes (4ms)
				AfterProcessingInitializeOnLoad (11ms)
				EditorAssembliesLoaded (0ms)
			ExecutionOrderSort2 (0ms)
			AwakeInstancesAfterBackupRestoration (8ms)
Platform modules already initialized, skipping
Refreshing native plugins compatible for Editor in 0.35 ms, found 2 plugins.
Preloading 0 native plugins for Editor in 0.00 ms.
Unloading 1403 Unused Serialized files (Serialized files now loaded: 0)
System memory in use before: 68.7 MB.
System memory in use after: 68.8 MB.

Unloading 11 unused Assets to reduce memory usage. Loaded Objects now: 1895.
Total: 2.923400 ms (FindLiveObjects: 0.184800 ms CreateObjectMapping: 0.036100 ms MarkObjects: 2.685900 ms  DeleteObjects: 0.015300 ms)

AssetImportParameters requested are different than current active one (requested -> active):
  custom:framework-win-MediaFoundation: 216162199b28c13a410421893ffa2e32 -> 
  custom:video-decoder-ogg-theora: a1e56fd34408186e4bbccfd4996cb3dc -> 
  custom:container-muxer-webm: aa71ff27fc2769a1b78a27578f13a17b -> 
  custom:container-demuxer-webm: 4f35f7cbe854078d1ac9338744f61a02 -> 
  custom:container-demuxer-ogg: 62fdf1f143b41e24485cea50d1cbac27 -> 
  custom:video-encoder-webm-vp8: eb34c28f22e8b96e1ab97ce403110664 -> 
  custom:video-decoder-webm-vp8: 9c59270c3fd7afecdb556c50c9e8de78 -> 
  custom:audio-decoder-ogg-vorbis: bf7c407c2cedff20999df2af8eb42d56 -> 
  custom:audio-encoder-webm-vorbis: bf7c407c2cedff20999df2af8eb42d56 -> 
========================================================================
Received Prepare
Registering precompiled user dll's ...
Registered in 0.004422 seconds.
Begin MonoManager ReloadAssembly
Native extension for WindowsStandalone target not found
Refreshing native plugins compatible for Editor in 0.34 ms, found 2 plugins.
Preloading 0 native plugins for Editor in 0.00 ms.
Mono: successfully reloaded assembly
- Completed reload, in  1.071 seconds
Domain Reload Profiling:
	ReloadAssembly (1072ms)
		BeginReloadAssembly (131ms)
			ExecutionOrderSort (0ms)
			DisableScriptedObjects (5ms)
			BackupInstance (0ms)
			ReleaseScriptingObjects (0ms)
			CreateAndSetChildDomain (37ms)
		EndReloadAssembly (862ms)
			LoadAssemblies (103ms)
			RebuildTransferFunctionScriptingTraits (0ms)
			SetupTypeCache (294ms)
			ReleaseScriptCaches (1ms)
			RebuildScriptCaches (40ms)
			SetupLoadedEditorAssemblies (321ms)
				LogAssemblyErrors (0ms)
				InitializePlatformSupportModulesInManaged (6ms)
				SetLoadedEditorAssemblies (1ms)
				RefreshPlugins (1ms)
				BeforeProcessingInitializeOnLoad (83ms)
				ProcessInitializeOnLoadAttributes (215ms)
				ProcessInitializeOnLoadMethodAttributes (4ms)
				AfterProcessingInitializeOnLoad (11ms)
				EditorAssembliesLoaded (0ms)
			ExecutionOrderSort2 (0ms)
			AwakeInstancesAfterBackupRestoration (8ms)
Platform modules already initialized, skipping
Refreshing native plugins compatible for Editor in 0.34 ms, found 2 plugins.
Preloading 0 native plugins for Editor in 0.00 ms.
Unloading 1403 Unused Serialized files (Serialized files now loaded: 0)
System memory in use before: 68.7 MB.
System memory in use after: 68.8 MB.

Unloading 11 unused Assets to reduce memory usage. Loaded Objects now: 1897.
Total: 3.324700 ms (FindLiveObjects: 0.177500 ms CreateObjectMapping: 0.034400 ms MarkObjects: 3.089400 ms  DeleteObjects: 0.022000 ms)

AssetImportParameters requested are different than current active one (requested -> active):
  custom:framework-win-MediaFoundation: 216162199b28c13a410421893ffa2e32 -> 
  custom:video-decoder-ogg-theora: a1e56fd34408186e4bbccfd4996cb3dc -> 
  custom:container-muxer-webm: aa71ff27fc2769a1b78a27578f13a17b -> 
  custom:container-demuxer-webm: 4f35f7cbe854078d1ac9338744f61a02 -> 
  custom:container-demuxer-ogg: 62fdf1f143b41e24485cea50d1cbac27 -> 
  custom:video-encoder-webm-vp8: eb34c28f22e8b96e1ab97ce403110664 -> 
  custom:video-decoder-webm-vp8: 9c59270c3fd7afecdb556c50c9e8de78 -> 
  custom:audio-decoder-ogg-vorbis: bf7c407c2cedff20999df2af8eb42d56 -> 
  custom:audio-encoder-webm-vorbis: bf7c407c2cedff20999df2af8eb42d56 -> 
========================================================================
Received Prepare
Registering precompiled user dll's ...
Registered in 0.004463 seconds.
Begin MonoManager ReloadAssembly
Native extension for WindowsStandalone target not found
Refreshing native plugins compatible for Editor in 0.36 ms, found 2 plugins.
Preloading 0 native plugins for Editor in 0.00 ms.
Mono: successfully reloaded assembly
- Completed reload, in  1.069 seconds
Domain Reload Profiling:
	ReloadAssembly (1070ms)
		BeginReloadAssembly (127ms)
			ExecutionOrderSort (0ms)
			DisableScriptedObjects (5ms)
			BackupInstance (0ms)
			ReleaseScriptingObjects (0ms)
			CreateAndSetChildDomain (33ms)
		EndReloadAssembly (863ms)
			LoadAssemblies (108ms)
			RebuildTransferFunctionScriptingTraits (0ms)
			SetupTypeCache (287ms)
			ReleaseScriptCaches (1ms)
			RebuildScriptCaches (39ms)
			SetupLoadedEditorAssemblies (327ms)
				LogAssemblyErrors (0ms)
				InitializePlatformSupportModulesInManaged (6ms)
				SetLoadedEditorAssemblies (1ms)
				RefreshPlugins (1ms)
				BeforeProcessingInitializeOnLoad (84ms)
				ProcessInitializeOnLoadAttributes (220ms)
				ProcessInitializeOnLoadMethodAttributes (5ms)
				AfterProcessingInitializeOnLoad (12ms)
				EditorAssembliesLoaded (0ms)
			ExecutionOrderSort2 (0ms)
			AwakeInstancesAfterBackupRestoration (8ms)
Platform modules already initialized, skipping
Refreshing native plugins compatible for Editor in 0.35 ms, found 2 plugins.
Preloading 0 native plugins for Editor in 0.00 ms.
Unloading 1403 Unused Serialized files (Serialized files now loaded: 0)
System memory in use before: 68.7 MB.
System memory in use after: 68.8 MB.

Unloading 11 unused Assets to reduce memory usage. Loaded Objects now: 1899.
Total: 3.125200 ms (FindLiveObjects: 0.154000 ms CreateObjectMapping: 0.036100 ms MarkObjects: 2.913300 ms  DeleteObjects: 0.020300 ms)

AssetImportParameters requested are different than current active one (requested -> active):
  custom:framework-win-MediaFoundation: 216162199b28c13a410421893ffa2e32 -> 
  custom:video-decoder-ogg-theora: a1e56fd34408186e4bbccfd4996cb3dc -> 
  custom:container-muxer-webm: aa71ff27fc2769a1b78a27578f13a17b -> 
  custom:container-demuxer-webm: 4f35f7cbe854078d1ac9338744f61a02 -> 
  custom:container-demuxer-ogg: 62fdf1f143b41e24485cea50d1cbac27 -> 
  custom:video-encoder-webm-vp8: eb34c28f22e8b96e1ab97ce403110664 -> 
  custom:video-decoder-webm-vp8: 9c59270c3fd7afecdb556c50c9e8de78 -> 
  custom:audio-decoder-ogg-vorbis: bf7c407c2cedff20999df2af8eb42d56 -> 
  custom:audio-encoder-webm-vorbis: bf7c407c2cedff20999df2af8eb42d56 -> 
========================================================================
Received Prepare
Registering precompiled user dll's ...
Registered in 0.004416 seconds.
Begin MonoManager ReloadAssembly
Native extension for WindowsStandalone target not found
Refreshing native plugins compatible for Editor in 0.34 ms, found 2 plugins.
Preloading 0 native plugins for Editor in 0.00 ms.
Mono: successfully reloaded assembly
- Completed reload, in  1.094 seconds
Domain Reload Profiling:
	ReloadAssembly (1095ms)
		BeginReloadAssembly (137ms)
			ExecutionOrderSort (0ms)
			DisableScriptedObjects (5ms)
			BackupInstance (0ms)
			ReleaseScriptingObjects (0ms)
			CreateAndSetChildDomain (32ms)
		EndReloadAssembly (866ms)
			LoadAssemblies (110ms)
			RebuildTransferFunctionScriptingTraits (0ms)
			SetupTypeCache (296ms)
			ReleaseScriptCaches (1ms)
			RebuildScriptCaches (39ms)
			SetupLoadedEditorAssemblies (319ms)
				LogAssemblyErrors (0ms)
				InitializePlatformSupportModulesInManaged (6ms)
				SetLoadedEditorAssemblies (0ms)
				RefreshPlugins (1ms)
				BeforeProcessingInitializeOnLoad (85ms)
				ProcessInitializeOnLoadAttributes (211ms)
				ProcessInitializeOnLoadMethodAttributes (4ms)
				AfterProcessingInitializeOnLoad (11ms)
				EditorAssembliesLoaded (0ms)
			ExecutionOrderSort2 (0ms)
			AwakeInstancesAfterBackupRestoration (8ms)
Platform modules already initialized, skipping
Refreshing native plugins compatible for Editor in 0.34 ms, found 2 plugins.
Preloading 0 native plugins for Editor in 0.00 ms.
Unloading 1403 Unused Serialized files (Serialized files now loaded: 0)
System memory in use before: 68.7 MB.
System memory in use after: 68.8 MB.

Unloading 11 unused Assets to reduce memory usage. Loaded Objects now: 1901.
Total: 2.875000 ms (FindLiveObjects: 0.175100 ms CreateObjectMapping: 0.035900 ms MarkObjects: 2.648100 ms  DeleteObjects: 0.014400 ms)

AssetImportParameters requested are different than current active one (requested -> active):
  custom:framework-win-MediaFoundation: 216162199b28c13a410421893ffa2e32 -> 
  custom:video-decoder-ogg-theora: a1e56fd34408186e4bbccfd4996cb3dc -> 
  custom:container-muxer-webm: aa71ff27fc2769a1b78a27578f13a17b -> 
  custom:container-demuxer-webm: 4f35f7cbe854078d1ac9338744f61a02 -> 
  custom:container-demuxer-ogg: 62fdf1f143b41e24485cea50d1cbac27 -> 
  custom:video-encoder-webm-vp8: eb34c28f22e8b96e1ab97ce403110664 -> 
  custom:video-decoder-webm-vp8: 9c59270c3fd7afecdb556c50c9e8de78 -> 
  custom:audio-decoder-ogg-vorbis: bf7c407c2cedff20999df2af8eb42d56 -> 
  custom:audio-encoder-webm-vorbis: bf7c407c2cedff20999df2af8eb42d56 -> 
========================================================================
Received Prepare
Registering precompiled user dll's ...
Registered in 0.004565 seconds.
Begin MonoManager ReloadAssembly
Native extension for WindowsStandalone target not found
Refreshing native plugins compatible for Editor in 0.36 ms, found 2 plugins.
Preloading 0 native plugins for Editor in 0.00 ms.
Mono: successfully reloaded assembly
- Completed reload, in  1.072 seconds
Domain Reload Profiling:
	ReloadAssembly (1073ms)
		BeginReloadAssembly (126ms)
			ExecutionOrderSort (0ms)
			DisableScriptedObjects (6ms)
			BackupInstance (0ms)
			ReleaseScriptingObjects (0ms)
			CreateAndSetChildDomain (33ms)
		EndReloadAssembly (868ms)
			LoadAssemblies (109ms)
			RebuildTransferFunctionScriptingTraits (0ms)
			SetupTypeCache (290ms)
			ReleaseScriptCaches (1ms)
			RebuildScriptCaches (40ms)
			SetupLoadedEditorAssemblies (324ms)
				LogAssemblyErrors (0ms)
				InitializePlatformSupportModulesInManaged (6ms)
				SetLoadedEditorAssemblies (1ms)
				RefreshPlugins (1ms)
				BeforeProcessingInitializeOnLoad (87ms)
				ProcessInitializeOnLoadAttributes (213ms)
				ProcessInitializeOnLoadMethodAttributes (4ms)
				AfterProcessingInitializeOnLoad (11ms)
				EditorAssembliesLoaded (0ms)
			ExecutionOrderSort2 (0ms)
			AwakeInstancesAfterBackupRestoration (8ms)
Platform modules already initialized, skipping
Refreshing native plugins compatible for Editor in 0.38 ms, found 2 plugins.
Preloading 0 native plugins for Editor in 0.00 ms.
Unloading 1403 Unused Serialized files (Serialized files now loaded: 0)
System memory in use before: 68.7 MB.
System memory in use after: 68.8 MB.

Unloading 11 unused Assets to reduce memory usage. Loaded Objects now: 1903.
Total: 2.968800 ms (FindLiveObjects: 0.162600 ms CreateObjectMapping: 0.035100 ms MarkObjects: 2.753700 ms  DeleteObjects: 0.016100 ms)

AssetImportParameters requested are different than current active one (requested -> active):
  custom:framework-win-MediaFoundation: 216162199b28c13a410421893ffa2e32 -> 
  custom:video-decoder-ogg-theora: a1e56fd34408186e4bbccfd4996cb3dc -> 
  custom:container-muxer-webm: aa71ff27fc2769a1b78a27578f13a17b -> 
  custom:container-demuxer-webm: 4f35f7cbe854078d1ac9338744f61a02 -> 
  custom:container-demuxer-ogg: 62fdf1f143b41e24485cea50d1cbac27 -> 
  custom:video-encoder-webm-vp8: eb34c28f22e8b96e1ab97ce403110664 -> 
  custom:video-decoder-webm-vp8: 9c59270c3fd7afecdb556c50c9e8de78 -> 
  custom:audio-decoder-ogg-vorbis: bf7c407c2cedff20999df2af8eb42d56 -> 
  custom:audio-encoder-webm-vorbis: bf7c407c2cedff20999df2af8eb42d56 -> 
========================================================================
Received Prepare
Registering precompiled user dll's ...
Registered in 0.004822 seconds.
Begin MonoManager ReloadAssembly
Native extension for WindowsStandalone target not found
Refreshing native plugins compatible for Editor in 0.35 ms, found 2 plugins.
Preloading 0 native plugins for Editor in 0.00 ms.
Mono: successfully reloaded assembly
- Completed reload, in  1.061 seconds
Domain Reload Profiling:
	ReloadAssembly (1062ms)
		BeginReloadAssembly (128ms)
			ExecutionOrderSort (0ms)
			DisableScriptedObjects (6ms)
			BackupInstance (0ms)
			ReleaseScriptingObjects (0ms)
			CreateAndSetChildDomain (33ms)
		EndReloadAssembly (855ms)
			LoadAssemblies (105ms)
			RebuildTransferFunctionScriptingTraits (0ms)
			SetupTypeCache (288ms)
			ReleaseScriptCaches (1ms)
			RebuildScriptCaches (39ms)
			SetupLoadedEditorAssemblies (319ms)
				LogAssemblyErrors (0ms)
				InitializePlatformSupportModulesInManaged (6ms)
				SetLoadedEditorAssemblies (0ms)
				RefreshPlugins (1ms)
				BeforeProcessingInitializeOnLoad (85ms)
				ProcessInitializeOnLoadAttributes (212ms)
				ProcessInitializeOnLoadMethodAttributes (4ms)
				AfterProcessingInitializeOnLoad (11ms)
				EditorAssembliesLoaded (0ms)
			ExecutionOrderSort2 (0ms)
			AwakeInstancesAfterBackupRestoration (8ms)
Platform modules already initialized, skipping
Refreshing native plugins compatible for Editor in 0.35 ms, found 2 plugins.
Preloading 0 native plugins for Editor in 0.00 ms.
Unloading 1403 Unused Serialized files (Serialized files now loaded: 0)
System memory in use before: 68.7 MB.
System memory in use after: 68.8 MB.

Unloading 11 unused Assets to reduce memory usage. Loaded Objects now: 1905.
Total: 3.049400 ms (FindLiveObjects: 0.169700 ms CreateObjectMapping: 0.035600 ms MarkObjects: 2.825700 ms  DeleteObjects: 0.016600 ms)

AssetImportParameters requested are different than current active one (requested -> active):
  custom:framework-win-MediaFoundation: 216162199b28c13a410421893ffa2e32 -> 
  custom:video-decoder-ogg-theora: a1e56fd34408186e4bbccfd4996cb3dc -> 
  custom:container-muxer-webm: aa71ff27fc2769a1b78a27578f13a17b -> 
  custom:container-demuxer-webm: 4f35f7cbe854078d1ac9338744f61a02 -> 
  custom:container-demuxer-ogg: 62fdf1f143b41e24485cea50d1cbac27 -> 
  custom:video-encoder-webm-vp8: eb34c28f22e8b96e1ab97ce403110664 -> 
  custom:video-decoder-webm-vp8: 9c59270c3fd7afecdb556c50c9e8de78 -> 
  custom:audio-decoder-ogg-vorbis: bf7c407c2cedff20999df2af8eb42d56 -> 
  custom:audio-encoder-webm-vorbis: bf7c407c2cedff20999df2af8eb42d56 -> 
========================================================================
Received Import Request.
  Time since last request: 451.334021 seconds.
  path: Assets/Prefabs/Clock.prefab
  artifactKey: Guid(528266381e8f60b46af84b65ab51e7f0) Importer(815301076,1909f56bfc062723c751e8b465ee728b)
Start importing Assets/Prefabs/Clock.prefab using Guid(528266381e8f60b46af84b65ab51e7f0) Importer(815301076,1909f56bfc062723c751e8b465ee728b)  -> (artifact id: '75fbd35406fcbb1c0a6cab5f35229c1e') in 0.062511 seconds 
  Import took 0.066626 seconds .

========================================================================
Received Import Request.
  Time since last request: 0.000386 seconds.
  path: Assets/Prefabs/Key.prefab
  artifactKey: Guid(d3ebe44d59e5119439dd38abf2079540) Importer(815301076,1909f56bfc062723c751e8b465ee728b)
Start importing Assets/Prefabs/Key.prefab using Guid(d3ebe44d59e5119439dd38abf2079540) Importer(815301076,1909f56bfc062723c751e8b465ee728b)  -> (artifact id: 'a0324829d4973393a83d13140ddfc0d2') in 0.021109 seconds 
  Import took 0.025151 seconds .

========================================================================
Received Import Request.
  Time since last request: 0.000521 seconds.
  path: Assets/Prefabs/FreezeTime.prefab
  artifactKey: Guid(ffefdb15595923646b0c61651fe8de3d) Importer(815301076,1909f56bfc062723c751e8b465ee728b)
Start importing Assets/Prefabs/FreezeTime.prefab using Guid(ffefdb15595923646b0c61651fe8de3d) Importer(815301076,1909f56bfc062723c751e8b465ee728b)  -> (artifact id: '5a60c016ba779dd947fd6a929e50a379') in 0.012032 seconds 
  Import took 0.016340 seconds .

========================================================================
Received Import Request.
  Time since last request: 17.686162 seconds.
  path: Assets/Prefabs/FreezeTime.prefab
  artifactKey: Guid(ffefdb15595923646b0c61651fe8de3d) Importer(815301076,1909f56bfc062723c751e8b465ee728b)
Start importing Assets/Prefabs/FreezeTime.prefab using Guid(ffefdb15595923646b0c61651fe8de3d) Importer(815301076,1909f56bfc062723c751e8b465ee728b)  -> (artifact id: '4e1c94c286f14a053ca38936054fc937') in 0.007103 seconds 
  Import took 0.011509 seconds .

========================================================================
Received Import Request.
  Time since last request: 47.548113 seconds.
  path: Assets/Prefabs/FreezeTime.prefab
  artifactKey: Guid(ffefdb15595923646b0c61651fe8de3d) Importer(815301076,1909f56bfc062723c751e8b465ee728b)
Start importing Assets/Prefabs/FreezeTime.prefab using Guid(ffefdb15595923646b0c61651fe8de3d) Importer(815301076,1909f56bfc062723c751e8b465ee728b)  -> (artifact id: '89f7ba2950e4657ea3a939a0f53d6eb2') in 0.010620 seconds 
  Import took 0.014662 seconds .

========================================================================
Received Import Request.
  Time since last request: 115.058676 seconds.
  path: Assets/Prefabs/FreezeTime.prefab
  artifactKey: Guid(ffefdb15595923646b0c61651fe8de3d) Importer(815301076,1909f56bfc062723c751e8b465ee728b)
Start importing Assets/Prefabs/FreezeTime.prefab using Guid(ffefdb15595923646b0c61651fe8de3d) Importer(815301076,1909f56bfc062723c751e8b465ee728b)  -> (artifact id: '60f33d53ac42c924e43487d709a49244') in 0.011544 seconds 
  Import took 0.016151 seconds .

========================================================================
Received Prepare
Registering precompiled user dll's ...
Registered in 0.004734 seconds.
Begin MonoManager ReloadAssembly
Native extension for WindowsStandalone target not found
Refreshing native plugins compatible for Editor in 0.35 ms, found 2 plugins.
Preloading 0 native plugins for Editor in 0.00 ms.
Mono: successfully reloaded assembly
- Completed reload, in  1.103 seconds
Domain Reload Profiling:
	ReloadAssembly (1104ms)
		BeginReloadAssembly (130ms)
			ExecutionOrderSort (0ms)
			DisableScriptedObjects (5ms)
			BackupInstance (0ms)
			ReleaseScriptingObjects (0ms)
			CreateAndSetChildDomain (35ms)
		EndReloadAssembly (897ms)
			LoadAssemblies (106ms)
			RebuildTransferFunctionScriptingTraits (0ms)
			SetupTypeCache (300ms)
			ReleaseScriptCaches (1ms)
			RebuildScriptCaches (42ms)
			SetupLoadedEditorAssemblies (341ms)
				LogAssemblyErrors (0ms)
				InitializePlatformSupportModulesInManaged (6ms)
				SetLoadedEditorAssemblies (1ms)
				RefreshPlugins (1ms)
				BeforeProcessingInitializeOnLoad (86ms)
				ProcessInitializeOnLoadAttributes (231ms)
				ProcessInitializeOnLoadMethodAttributes (5ms)
				AfterProcessingInitializeOnLoad (12ms)
				EditorAssembliesLoaded (0ms)
			ExecutionOrderSort2 (0ms)
			AwakeInstancesAfterBackupRestoration (8ms)
Platform modules already initialized, skipping
Refreshing native plugins compatible for Editor in 0.36 ms, found 2 plugins.
Preloading 0 native plugins for Editor in 0.00 ms.
Unloading 1403 Unused Serialized files (Serialized files now loaded: 0)
System memory in use before: 68.7 MB.
System memory in use after: 68.8 MB.

Unloading 12 unused Assets to reduce memory usage. Loaded Objects now: 1909.
Total: 3.254400 ms (FindLiveObjects: 0.183300 ms CreateObjectMapping: 0.034000 ms MarkObjects: 3.011500 ms  DeleteObjects: 0.023900 ms)

AssetImportParameters requested are different than current active one (requested -> active):
  custom:framework-win-MediaFoundation: 216162199b28c13a410421893ffa2e32 -> 
  custom:video-decoder-ogg-theora: a1e56fd34408186e4bbccfd4996cb3dc -> 
  custom:container-muxer-webm: aa71ff27fc2769a1b78a27578f13a17b -> 
  custom:container-demuxer-webm: 4f35f7cbe854078d1ac9338744f61a02 -> 
  custom:container-demuxer-ogg: 62fdf1f143b41e24485cea50d1cbac27 -> 
  custom:video-encoder-webm-vp8: eb34c28f22e8b96e1ab97ce403110664 -> 
  custom:video-decoder-webm-vp8: 9c59270c3fd7afecdb556c50c9e8de78 -> 
  custom:audio-decoder-ogg-vorbis: bf7c407c2cedff20999df2af8eb42d56 -> 
  custom:audio-encoder-webm-vorbis: bf7c407c2cedff20999df2af8eb42d56 -> 
========================================================================
Received Import Request.
  Time since last request: 16.214502 seconds.
  path: Assets/Prefabs/Clock.prefab
  artifactKey: Guid(528266381e8f60b46af84b65ab51e7f0) Importer(815301076,1909f56bfc062723c751e8b465ee728b)
Start importing Assets/Prefabs/Clock.prefab using Guid(528266381e8f60b46af84b65ab51e7f0) Importer(815301076,1909f56bfc062723c751e8b465ee728b)  -> (artifact id: '97c3b607dd3d9faf4a10645ee2682c4c') in 0.062699 seconds 
  Import took 0.066993 seconds .

========================================================================
Received Import Request.
  Time since last request: 4.645943 seconds.
  path: Assets/Prefabs/Clock.prefab
  artifactKey: Guid(528266381e8f60b46af84b65ab51e7f0) Importer(815301076,1909f56bfc062723c751e8b465ee728b)
Start importing Assets/Prefabs/Clock.prefab using Guid(528266381e8f60b46af84b65ab51e7f0) Importer(815301076,1909f56bfc062723c751e8b465ee728b)  -> (artifact id: '2bbd364acc0be5eb7fadc06069ca494a') in 0.013274 seconds 
  Import took 0.017901 seconds .

========================================================================
Received Import Request.
  Time since last request: 3.189453 seconds.
  path: Assets/Prefabs/Clock.prefab
  artifactKey: Guid(528266381e8f60b46af84b65ab51e7f0) Importer(815301076,1909f56bfc062723c751e8b465ee728b)
Start importing Assets/Prefabs/Clock.prefab using Guid(528266381e8f60b46af84b65ab51e7f0) Importer(815301076,1909f56bfc062723c751e8b465ee728b)  -> (artifact id: '7218e284e536e1cfe5b1e539407e36a8') in 0.013840 seconds 
  Import took 0.018623 seconds .

========================================================================
Received Import Request.
  Time since last request: 1.992470 seconds.
  path: Assets/Prefabs/Clock.prefab
  artifactKey: Guid(528266381e8f60b46af84b65ab51e7f0) Importer(815301076,1909f56bfc062723c751e8b465ee728b)
Start importing Assets/Prefabs/Clock.prefab using Guid(528266381e8f60b46af84b65ab51e7f0) Importer(815301076,1909f56bfc062723c751e8b465ee728b)  -> (artifact id: '15a76dd1ac8ce92618b18dd55d800ccd') in 0.013797 seconds 
  Import took 0.018100 seconds .

========================================================================
Received Import Request.
  Time since last request: 1.401110 seconds.
  path: Assets/Prefabs/Clock.prefab
  artifactKey: Guid(528266381e8f60b46af84b65ab51e7f0) Importer(815301076,1909f56bfc062723c751e8b465ee728b)
Start importing Assets/Prefabs/Clock.prefab using Guid(528266381e8f60b46af84b65ab51e7f0) Importer(815301076,1909f56bfc062723c751e8b465ee728b)  -> (artifact id: '6171a359b43b6491035cd59afc32d2ba') in 0.014982 seconds 
  Import took 0.019396 seconds .

========================================================================
Received Import Request.
  Time since last request: 3.204153 seconds.
  path: Assets/Prefabs/Clock.prefab
  artifactKey: Guid(528266381e8f60b46af84b65ab51e7f0) Importer(815301076,1909f56bfc062723c751e8b465ee728b)
Start importing Assets/Prefabs/Clock.prefab using Guid(528266381e8f60b46af84b65ab51e7f0) Importer(815301076,1909f56bfc062723c751e8b465ee728b)  -> (artifact id: 'ae4d37b99f1d7d38d5cab2afa3399466') in 0.019097 seconds 
  Import took 0.023420 seconds .

========================================================================
Received Import Request.
  Time since last request: 3.199002 seconds.
  path: Assets/Prefabs/Clock.prefab
  artifactKey: Guid(528266381e8f60b46af84b65ab51e7f0) Importer(815301076,1909f56bfc062723c751e8b465ee728b)
Start importing Assets/Prefabs/Clock.prefab using Guid(528266381e8f60b46af84b65ab51e7f0) Importer(815301076,1909f56bfc062723c751e8b465ee728b)  -> (artifact id: 'd91eb1ed0582994b010d7ea8b98683d3') in 0.016057 seconds 
  Import took 0.020377 seconds .

========================================================================
Received Import Request.
  Time since last request: 9.659227 seconds.
  path: Assets/Prefabs/Clock.prefab
  artifactKey: Guid(528266381e8f60b46af84b65ab51e7f0) Importer(815301076,1909f56bfc062723c751e8b465ee728b)
Start importing Assets/Prefabs/Clock.prefab using Guid(528266381e8f60b46af84b65ab51e7f0) Importer(815301076,1909f56bfc062723c751e8b465ee728b)  -> (artifact id: 'eb47d6b135c767a2172b5a83dab74400') in 0.014055 seconds 
  Import took 0.018448 seconds .

========================================================================
Received Import Request.
  Time since last request: 6.857398 seconds.
  path: Assets/Prefabs/Clock.prefab
  artifactKey: Guid(528266381e8f60b46af84b65ab51e7f0) Importer(815301076,1909f56bfc062723c751e8b465ee728b)
Start importing Assets/Prefabs/Clock.prefab using Guid(528266381e8f60b46af84b65ab51e7f0) Importer(815301076,1909f56bfc062723c751e8b465ee728b)  -> (artifact id: 'ba767050185ca98d6f96acb957d816df') in 0.014856 seconds 
  Import took 0.019037 seconds .

========================================================================
Received Import Request.
  Time since last request: 2.388188 seconds.
  path: Assets/Prefabs/Clock.prefab
  artifactKey: Guid(528266381e8f60b46af84b65ab51e7f0) Importer(815301076,1909f56bfc062723c751e8b465ee728b)
Start importing Assets/Prefabs/Clock.prefab using Guid(528266381e8f60b46af84b65ab51e7f0) Importer(815301076,1909f56bfc062723c751e8b465ee728b)  -> (artifact id: 'bed2f14e835b586e213321bb28a5ed7b') in 0.015723 seconds 
  Import took 0.019977 seconds .

========================================================================
Received Import Request.
  Time since last request: 1.580288 seconds.
  path: Assets/Prefabs/Clock.prefab
  artifactKey: Guid(528266381e8f60b46af84b65ab51e7f0) Importer(815301076,1909f56bfc062723c751e8b465ee728b)
Start importing Assets/Prefabs/Clock.prefab using Guid(528266381e8f60b46af84b65ab51e7f0) Importer(815301076,1909f56bfc062723c751e8b465ee728b)  -> (artifact id: 'd9e112626852744cda5cd3a9123ad7e9') in 0.013560 seconds 
  Import took 0.017643 seconds .

========================================================================
Received Import Request.
  Time since last request: 3.822724 seconds.
  path: Assets/Prefabs/Clock.prefab
  artifactKey: Guid(528266381e8f60b46af84b65ab51e7f0) Importer(815301076,1909f56bfc062723c751e8b465ee728b)
Start importing Assets/Prefabs/Clock.prefab using Guid(528266381e8f60b46af84b65ab51e7f0) Importer(815301076,1909f56bfc062723c751e8b465ee728b)  -> (artifact id: '21daa9473a690da20b3c9d0f92c004a6') in 0.015402 seconds 
  Import took 0.019782 seconds .

========================================================================
Received Import Request.
  Time since last request: 5.245245 seconds.
  path: Assets/Prefabs/Clock.prefab
  artifactKey: Guid(528266381e8f60b46af84b65ab51e7f0) Importer(815301076,1909f56bfc062723c751e8b465ee728b)
Start importing Assets/Prefabs/Clock.prefab using Guid(528266381e8f60b46af84b65ab51e7f0) Importer(815301076,1909f56bfc062723c751e8b465ee728b)  -> (artifact id: '4ca2a669844f5951d7031772a2a21e6c') in 0.016029 seconds 
  Import took 0.020203 seconds .

========================================================================
Received Prepare
Registering precompiled user dll's ...
Registered in 0.004612 seconds.
Begin MonoManager ReloadAssembly
Native extension for WindowsStandalone target not found
Refreshing native plugins compatible for Editor in 0.36 ms, found 2 plugins.
Preloading 0 native plugins for Editor in 0.00 ms.
Mono: successfully reloaded assembly
- Completed reload, in  1.057 seconds
Domain Reload Profiling:
	ReloadAssembly (1057ms)
		BeginReloadAssembly (124ms)
			ExecutionOrderSort (0ms)
			DisableScriptedObjects (5ms)
			BackupInstance (0ms)
			ReleaseScriptingObjects (0ms)
			CreateAndSetChildDomain (32ms)
		EndReloadAssembly (855ms)
			LoadAssemblies (104ms)
			RebuildTransferFunctionScriptingTraits (0ms)
			SetupTypeCache (284ms)
			ReleaseScriptCaches (1ms)
			RebuildScriptCaches (40ms)
			SetupLoadedEditorAssemblies (324ms)
				LogAssemblyErrors (0ms)
				InitializePlatformSupportModulesInManaged (6ms)
				SetLoadedEditorAssemblies (0ms)
				RefreshPlugins (1ms)
				BeforeProcessingInitializeOnLoad (87ms)
				ProcessInitializeOnLoadAttributes (214ms)
				ProcessInitializeOnLoadMethodAttributes (4ms)
				AfterProcessingInitializeOnLoad (11ms)
				EditorAssembliesLoaded (0ms)
			ExecutionOrderSort2 (0ms)
			AwakeInstancesAfterBackupRestoration (8ms)
Platform modules already initialized, skipping
Refreshing native plugins compatible for Editor in 0.35 ms, found 2 plugins.
Preloading 0 native plugins for Editor in 0.00 ms.
Unloading 1403 Unused Serialized files (Serialized files now loaded: 0)
System memory in use before: 68.8 MB.
System memory in use after: 68.9 MB.

Unloading 11 unused Assets to reduce memory usage. Loaded Objects now: 1912.
Total: 3.046300 ms (FindLiveObjects: 0.181100 ms CreateObjectMapping: 0.036200 ms MarkObjects: 2.808400 ms  DeleteObjects: 0.019100 ms)

AssetImportParameters requested are different than current active one (requested -> active):
  custom:framework-win-MediaFoundation: 216162199b28c13a410421893ffa2e32 -> 
  custom:video-decoder-ogg-theora: a1e56fd34408186e4bbccfd4996cb3dc -> 
  custom:container-muxer-webm: aa71ff27fc2769a1b78a27578f13a17b -> 
  custom:container-demuxer-webm: 4f35f7cbe854078d1ac9338744f61a02 -> 
  custom:container-demuxer-ogg: 62fdf1f143b41e24485cea50d1cbac27 -> 
  custom:video-encoder-webm-vp8: eb34c28f22e8b96e1ab97ce403110664 -> 
  custom:video-decoder-webm-vp8: 9c59270c3fd7afecdb556c50c9e8de78 -> 
  custom:audio-decoder-ogg-vorbis: bf7c407c2cedff20999df2af8eb42d56 -> 
  custom:audio-encoder-webm-vorbis: bf7c407c2cedff20999df2af8eb42d56 -> 
========================================================================
Received Import Request.
  Time since last request: 897.662079 seconds.
  path: Assets/Prefabs/Diamond.prefab
  artifactKey: Guid(764390ee04f045e43976d4e63eaf653a) Importer(815301076,1909f56bfc062723c751e8b465ee728b)
Start importing Assets/Prefabs/Diamond.prefab using Guid(764390ee04f045e43976d4e63eaf653a) Importer(815301076,1909f56bfc062723c751e8b465ee728b)  -> (artifact id: 'a365e27f09483181a2f93b88dd41610f') in 0.062990 seconds 
  Import took 0.067315 seconds .

========================================================================
Received Import Request.
  Time since last request: 10.975220 seconds.
  path: Assets/Prefabs/Diamond.prefab
  artifactKey: Guid(764390ee04f045e43976d4e63eaf653a) Importer(815301076,1909f56bfc062723c751e8b465ee728b)
Start importing Assets/Prefabs/Diamond.prefab using Guid(764390ee04f045e43976d4e63eaf653a) Importer(815301076,1909f56bfc062723c751e8b465ee728b)  -> (artifact id: '01a8cdb58f994ce5040c6164ff2e5509') in 0.015603 seconds 
  Import took 0.020300 seconds .

========================================================================
Received Prepare
Registering precompiled user dll's ...
Registered in 0.004525 seconds.
Begin MonoManager ReloadAssembly
Native extension for WindowsStandalone target not found
Refreshing native plugins compatible for Editor in 0.37 ms, found 2 plugins.
Preloading 0 native plugins for Editor in 0.00 ms.
Mono: successfully reloaded assembly
- Completed reload, in  1.134 seconds
Domain Reload Profiling:
	ReloadAssembly (1134ms)
		BeginReloadAssembly (131ms)
			ExecutionOrderSort (0ms)
			DisableScriptedObjects (5ms)
			BackupInstance (0ms)
			ReleaseScriptingObjects (0ms)
			CreateAndSetChildDomain (36ms)
		EndReloadAssembly (922ms)
			LoadAssemblies (106ms)
			RebuildTransferFunctionScriptingTraits (0ms)
			SetupTypeCache (312ms)
			ReleaseScriptCaches (1ms)
			RebuildScriptCaches (51ms)
			SetupLoadedEditorAssemblies (331ms)
				LogAssemblyErrors (0ms)
				InitializePlatformSupportModulesInManaged (6ms)
				SetLoadedEditorAssemblies (1ms)
				RefreshPlugins (1ms)
				BeforeProcessingInitializeOnLoad (88ms)
				ProcessInitializeOnLoadAttributes (219ms)
				ProcessInitializeOnLoadMethodAttributes (4ms)
				AfterProcessingInitializeOnLoad (11ms)
				EditorAssembliesLoaded (0ms)
			ExecutionOrderSort2 (0ms)
			AwakeInstancesAfterBackupRestoration (8ms)
Platform modules already initialized, skipping
Refreshing native plugins compatible for Editor in 0.37 ms, found 2 plugins.
Preloading 0 native plugins for Editor in 0.00 ms.
Unloading 1404 Unused Serialized files (Serialized files now loaded: 0)
System memory in use before: 68.8 MB.
System memory in use after: 69.0 MB.

Unloading 12 unused Assets to reduce memory usage. Loaded Objects now: 1916.
Total: 3.303200 ms (FindLiveObjects: 0.194500 ms CreateObjectMapping: 0.036200 ms MarkObjects: 3.046900 ms  DeleteObjects: 0.024000 ms)

AssetImportParameters requested are different than current active one (requested -> active):
  custom:framework-win-MediaFoundation: 216162199b28c13a410421893ffa2e32 -> 
  custom:video-decoder-ogg-theora: a1e56fd34408186e4bbccfd4996cb3dc -> 
  custom:container-muxer-webm: aa71ff27fc2769a1b78a27578f13a17b -> 
  custom:container-demuxer-webm: 4f35f7cbe854078d1ac9338744f61a02 -> 
  custom:container-demuxer-ogg: 62fdf1f143b41e24485cea50d1cbac27 -> 
  custom:video-encoder-webm-vp8: eb34c28f22e8b96e1ab97ce403110664 -> 
  custom:video-decoder-webm-vp8: 9c59270c3fd7afecdb556c50c9e8de78 -> 
  custom:audio-decoder-ogg-vorbis: bf7c407c2cedff20999df2af8eb42d56 -> 
  custom:audio-encoder-webm-vorbis: bf7c407c2cedff20999df2af8eb42d56 -> 
========================================================================
Received Import Request.
  Time since last request: 31.715444 seconds.
  path: Assets/Prefabs/Diamond.prefab
  artifactKey: Guid(764390ee04f045e43976d4e63eaf653a) Importer(815301076,1909f56bfc062723c751e8b465ee728b)
Start importing Assets/Prefabs/Diamond.prefab using Guid(764390ee04f045e43976d4e63eaf653a) Importer(815301076,1909f56bfc062723c751e8b465ee728b)  -> (artifact id: '6b7d67a583a77f251fb22a71b50612d4') in 0.060437 seconds 
  Import took 0.064970 seconds .

========================================================================
Received Prepare
Registering precompiled user dll's ...
Registered in 0.004554 seconds.
Begin MonoManager ReloadAssembly
Native extension for WindowsStandalone target not found
Refreshing native plugins compatible for Editor in 0.35 ms, found 2 plugins.
Preloading 0 native plugins for Editor in 0.00 ms.
Mono: successfully reloaded assembly
- Completed reload, in  1.075 seconds
Domain Reload Profiling:
	ReloadAssembly (1076ms)
		BeginReloadAssembly (126ms)
			ExecutionOrderSort (0ms)
			DisableScriptedObjects (5ms)
			BackupInstance (0ms)
			ReleaseScriptingObjects (0ms)
			CreateAndSetChildDomain (32ms)
		EndReloadAssembly (867ms)
			LoadAssemblies (109ms)
			RebuildTransferFunctionScriptingTraits (0ms)
			SetupTypeCache (287ms)
			ReleaseScriptCaches (1ms)
			RebuildScriptCaches (39ms)
			SetupLoadedEditorAssemblies (328ms)
				LogAssemblyErrors (0ms)
				InitializePlatformSupportModulesInManaged (6ms)
				SetLoadedEditorAssemblies (1ms)
				RefreshPlugins (1ms)
				BeforeProcessingInitializeOnLoad (83ms)
				ProcessInitializeOnLoadAttributes (221ms)
				ProcessInitializeOnLoadMethodAttributes (5ms)
				AfterProcessingInitializeOnLoad (11ms)
				EditorAssembliesLoaded (0ms)
			ExecutionOrderSort2 (0ms)
			AwakeInstancesAfterBackupRestoration (8ms)
Platform modules already initialized, skipping
Refreshing native plugins compatible for Editor in 0.46 ms, found 2 plugins.
Preloading 0 native plugins for Editor in 0.00 ms.
Unloading 1404 Unused Serialized files (Serialized files now loaded: 0)
System memory in use before: 68.9 MB.
System memory in use after: 69.0 MB.

Unloading 12 unused Assets to reduce memory usage. Loaded Objects now: 1919.
Total: 2.926900 ms (FindLiveObjects: 0.170300 ms CreateObjectMapping: 0.035800 ms MarkObjects: 2.699200 ms  DeleteObjects: 0.020500 ms)

AssetImportParameters requested are different than current active one (requested -> active):
  custom:framework-win-MediaFoundation: 216162199b28c13a410421893ffa2e32 -> 
  custom:video-decoder-ogg-theora: a1e56fd34408186e4bbccfd4996cb3dc -> 
  custom:container-muxer-webm: aa71ff27fc2769a1b78a27578f13a17b -> 
  custom:container-demuxer-webm: 4f35f7cbe854078d1ac9338744f61a02 -> 
  custom:container-demuxer-ogg: 62fdf1f143b41e24485cea50d1cbac27 -> 
  custom:video-encoder-webm-vp8: eb34c28f22e8b96e1ab97ce403110664 -> 
  custom:video-decoder-webm-vp8: 9c59270c3fd7afecdb556c50c9e8de78 -> 
  custom:audio-decoder-ogg-vorbis: bf7c407c2cedff20999df2af8eb42d56 -> 
  custom:audio-encoder-webm-vorbis: bf7c407c2cedff20999df2af8eb42d56 -> 
